<?xml version="1.0" encoding="UTF-8"?>
<!-- Generated by org.testng.reporters.JUnitXMLReporter -->
<testsuite ignored="14" hostname="DESKTOP-E026L7N" failures="0" tests="9" name="Test" time="37.101" errors="0" timestamp="2024-02-14T01:28:36 BDT">
  <testcase classname="testclasses.HomePageTest" name="homePageStartup" time="1.732"/>
  <testcase classname="testclasses.HomePageTest" name="clickOnAccountButton" time="2.567"/>
  <testcase classname="testclasses.LoginPageOldCustomerLogin" name="customerLogin" time="2.59"/>
  <testcase classname="testclasses.HomePageFromAccountTest" name="toHomePage" time="2.71"/>
  <testcase classname="testclasses.DropdownToAppleLaptop" name="clickToAppleLaptopTest" time="3.434"/>
  <testcase classname="testclasses.LaptopSelectionFromPage" name="selectLaptop" time="3.43"/>
  <testcase classname="testclasses.SelectedProductPageTest" name="addToCartTest" time="2.085"/>
  <testcase classname="testclasses.ShoppingCartTest" name="ckeckOutClick" time="3.033"/>
  <testcase classname="testclasses.QuickCheckoutPageTest" name="checkoutFormFillup" time="15.439"/>
  <testcase classname="utilities.DriverSetup" name="@BeforeSuite setBrowser" time="0.0">
    <ignored/>
  </testcase> <!-- @BeforeSuite setBrowser -->
  <testcase classname="utilities.DriverSetup" name="@BeforeSuite setBrowser" time="0.0">
    <ignored/>
  </testcase> <!-- @BeforeSuite setBrowser -->
  <testcase classname="utilities.DriverSetup" name="@BeforeSuite setBrowser" time="0.0">
    <ignored/>
  </testcase> <!-- @BeforeSuite setBrowser -->
  <testcase classname="utilities.DriverSetup" name="@BeforeSuite setBrowser" time="0.0">
    <ignored/>
  </testcase> <!-- @BeforeSuite setBrowser -->
  <testcase classname="utilities.DriverSetup" name="@AfterSuite quitBrowser" time="0.0">
    <ignored/>
  </testcase> <!-- @AfterSuite quitBrowser -->
  <testcase classname="utilities.DriverSetup" name="@AfterSuite quitBrowser" time="0.0">
    <ignored/>
  </testcase> <!-- @AfterSuite quitBrowser -->
  <testcase classname="utilities.DriverSetup" name="@AfterSuite quitBrowser" time="0.0">
    <ignored/>
  </testcase> <!-- @AfterSuite quitBrowser -->
  <testcase classname="utilities.DriverSetup" name="@AfterSuite quitBrowser" time="0.0">
    <ignored/>
  </testcase> <!-- @AfterSuite quitBrowser -->
  <testcase classname="utilities.DriverSetup" name="@BeforeSuite setBrowser" time="0.0">
    <ignored/>
  </testcase> <!-- @BeforeSuite setBrowser -->
  <testcase classname="utilities.DriverSetup" name="@BeforeSuite setBrowser" time="0.0">
    <ignored/>
  </testcase> <!-- @BeforeSuite setBrowser -->
  <testcase classname="utilities.DriverSetup" name="@BeforeSuite setBrowser" time="0.0">
    <ignored/>
  </testcase> <!-- @BeforeSuite setBrowser -->
  <testcase classname="utilities.DriverSetup" name="@AfterSuite quitBrowser" time="0.0">
    <ignored/>
  </testcase> <!-- @AfterSuite quitBrowser -->
  <testcase classname="utilities.DriverSetup" name="@AfterSuite quitBrowser" time="0.0">
    <ignored/>
  </testcase> <!-- @AfterSuite quitBrowser -->
  <testcase classname="utilities.DriverSetup" name="@AfterSuite quitBrowser" time="0.0">
    <ignored/>
  </testcase> <!-- @AfterSuite quitBrowser -->
</testsuite> <!-- Test -->
