<?xml version="1.0" encoding="UTF-8"?>
<!-- Generated by org.testng.reporters.JUnitXMLReporter -->
<testsuite ignored="14" hostname="DESKTOP-E026L7N" failures="0" tests="9" name="Test" time="42.453" errors="0" timestamp="2024-02-14T02:52:20 BDT">
  <testcase classname="testclasses.HomePageTest" name="homePageStartup" time="7.699"/>
  <testcase classname="testclasses.HomePageTest" name="clickOnAccountButton" time="2.599"/>
  <testcase classname="testclasses.LoginPageOldCustomerLogin" name="customerLogin" time="2.669"/>
  <testcase classname="testclasses.HomePageFromAccountTest" name="toHomePage" time="2.681"/>
  <testcase classname="testclasses.DropdownToAppleLaptop" name="clickToAppleLaptopTest" time="3.599"/>
  <testcase classname="testclasses.LaptopSelectionFromPage" name="selectLaptop" time="2.753"/>
  <testcase classname="testclasses.SelectedProductPageTest" name="addToCartTest" time="2.076"/>
  <testcase classname="testclasses.ShoppingCartTest" name="ckeckOutClick" time="2.706"/>
  <testcase classname="testclasses.QuickCheckoutPageTest" name="checkoutFormFillup" time="15.597"/>
  <testcase classname="utilities.DriverSetup" name="@AfterSuite quitBrowser" time="0.0">
    <ignored/>
  </testcase> <!-- @AfterSuite quitBrowser -->
  <testcase classname="utilities.DriverSetup" name="@BeforeSuite setBrowser" time="0.0">
    <ignored/>
  </testcase> <!-- @BeforeSuite setBrowser -->
  <testcase classname="utilities.DriverSetup" name="@BeforeSuite setBrowser" time="0.0">
    <ignored/>
  </testcase> <!-- @BeforeSuite setBrowser -->
  <testcase classname="utilities.DriverSetup" name="@AfterSuite quitBrowser" time="0.0">
    <ignored/>
  </testcase> <!-- @AfterSuite quitBrowser -->
  <testcase classname="utilities.DriverSetup" name="@BeforeSuite setBrowser" time="0.0">
    <ignored/>
  </testcase> <!-- @BeforeSuite setBrowser -->
  <testcase classname="utilities.DriverSetup" name="@BeforeSuite setBrowser" time="0.0">
    <ignored/>
  </testcase> <!-- @BeforeSuite setBrowser -->
  <testcase classname="utilities.DriverSetup" name="@AfterSuite quitBrowser" time="0.0">
    <ignored/>
  </testcase> <!-- @AfterSuite quitBrowser -->
  <testcase classname="utilities.DriverSetup" name="@BeforeSuite setBrowser" time="0.0">
    <ignored/>
  </testcase> <!-- @BeforeSuite setBrowser -->
  <testcase classname="utilities.DriverSetup" name="@AfterSuite quitBrowser" time="0.0">
    <ignored/>
  </testcase> <!-- @AfterSuite quitBrowser -->
  <testcase classname="utilities.DriverSetup" name="@AfterSuite quitBrowser" time="0.0">
    <ignored/>
  </testcase> <!-- @AfterSuite quitBrowser -->
  <testcase classname="utilities.DriverSetup" name="@AfterSuite quitBrowser" time="0.0">
    <ignored/>
  </testcase> <!-- @AfterSuite quitBrowser -->
  <testcase classname="utilities.DriverSetup" name="@AfterSuite quitBrowser" time="0.0">
    <ignored/>
  </testcase> <!-- @AfterSuite quitBrowser -->
  <testcase classname="utilities.DriverSetup" name="@BeforeSuite setBrowser" time="0.0">
    <ignored/>
  </testcase> <!-- @BeforeSuite setBrowser -->
  <testcase classname="utilities.DriverSetup" name="@BeforeSuite setBrowser" time="0.0">
    <ignored/>
  </testcase> <!-- @BeforeSuite setBrowser -->
</testsuite> <!-- Test -->
