<?xml version="1.0" encoding="UTF-8"?>
<testng-results ignored="0" total="9" passed="9" failed="0" skipped="0">
  <reporter-output>
  </reporter-output>
  <suite started-at="2024-02-14T02:51:38 BDT" name="Suite" finished-at="2024-02-14T02:52:20 BDT" duration-ms="42453">
    <groups>
    </groups>
    <test started-at="2024-02-14T02:51:38 BDT" name="Test" finished-at="2024-02-14T02:52:20 BDT" duration-ms="42453">
      <class name="testclasses.LoginPageOldCustomerLogin">
        <test-method signature="customerLogin(java.lang.String,java.lang.String)[pri:0, instance:testclasses.LoginPageOldCustomerLogin@28dcca0c]" started-at="2024-02-14T02:51:48 BDT" name="customerLogin" data-provider="logindata" finished-at="2024-02-14T02:51:51 BDT" duration-ms="2669" status="PASS">
          <params>
            <param index="0">
              <value>
                <![CDATA[test1@test.com]]>
              </value>
            </param>
            <param index="1">
              <value>
                <![CDATA[qwerty]]>
              </value>
            </param>
          </params>
          <reporter-output>
          </reporter-output>
        </test-method> <!-- customerLogin -->
      </class> <!-- testclasses.LoginPageOldCustomerLogin -->
      <class name="testclasses.QuickCheckoutPageTest">
        <test-method signature="checkoutFormFillup(java.lang.String,java.lang.String,java.lang.String,java.lang.String,java.lang.String)[pri:0, instance:testclasses.QuickCheckoutPageTest@70cf32e3]" started-at="2024-02-14T02:52:05 BDT" name="checkoutFormFillup" data-provider="checkoutdata" finished-at="2024-02-14T02:52:20 BDT" duration-ms="15597" status="PASS">
          <params>
            <param index="0">
              <value>
                <![CDATA[Abul]]>
              </value>
            </param>
            <param index="1">
              <value>
                <![CDATA[mirpur]]>
              </value>
            </param>
            <param index="2">
              <value>
                <![CDATA[Dhaka]]>
              </value>
            </param>
            <param index="3">
              <value>
                <![CDATA[cpupon]]>
              </value>
            </param>
            <param index="4">
              <value>
                <![CDATA[ASAP]]>
              </value>
            </param>
          </params>
          <reporter-output>
          </reporter-output>
        </test-method> <!-- checkoutFormFillup -->
      </class> <!-- testclasses.QuickCheckoutPageTest -->
      <class name="testclasses.DropdownToAppleLaptop">
        <test-method signature="clickToAppleLaptopTest()[pri:0, instance:testclasses.DropdownToAppleLaptop@4c163e3]" started-at="2024-02-14T02:51:53 BDT" name="clickToAppleLaptopTest" finished-at="2024-02-14T02:51:57 BDT" duration-ms="3599" status="PASS">
          <reporter-output>
          </reporter-output>
        </test-method> <!-- clickToAppleLaptopTest -->
      </class> <!-- testclasses.DropdownToAppleLaptop -->
      <class name="testclasses.HomePageFromAccountTest">
        <test-method signature="toHomePage()[pri:0, instance:testclasses.HomePageFromAccountTest@52f27fbd]" started-at="2024-02-14T02:51:51 BDT" name="toHomePage" finished-at="2024-02-14T02:51:53 BDT" duration-ms="2681" status="PASS">
          <reporter-output>
          </reporter-output>
        </test-method> <!-- toHomePage -->
      </class> <!-- testclasses.HomePageFromAccountTest -->
      <class name="testclasses.HomePageTest">
        <test-method is-config="true" signature="setBrowser()[pri:0, instance:testclasses.HomePageTest@1040be71]" started-at="2024-02-14T02:51:36 BDT" name="setBrowser" finished-at="2024-02-14T02:51:38 BDT" duration-ms="1305" status="PASS">
          <reporter-output>
          </reporter-output>
        </test-method> <!-- setBrowser -->
        <test-method signature="homePageStartup()[pri:0, instance:testclasses.HomePageTest@1040be71]" started-at="2024-02-14T02:51:38 BDT" name="homePageStartup" finished-at="2024-02-14T02:51:45 BDT" duration-ms="7699" status="PASS">
          <reporter-output>
          </reporter-output>
        </test-method> <!-- homePageStartup -->
        <test-method signature="clickOnAccountButton()[pri:1, instance:testclasses.HomePageTest@1040be71]" started-at="2024-02-14T02:51:45 BDT" name="clickOnAccountButton" finished-at="2024-02-14T02:51:48 BDT" duration-ms="2599" status="PASS">
          <reporter-output>
          </reporter-output>
        </test-method> <!-- clickOnAccountButton -->
        <test-method is-config="true" signature="quitBrowser()[pri:0, instance:testclasses.HomePageTest@1040be71]" started-at="2024-02-14T02:52:20 BDT" name="quitBrowser" finished-at="2024-02-14T02:52:20 BDT" duration-ms="141" status="PASS">
          <reporter-output>
          </reporter-output>
        </test-method> <!-- quitBrowser -->
      </class> <!-- testclasses.HomePageTest -->
      <class name="testclasses.LaptopSelectionFromPage">
        <test-method signature="selectLaptop()[pri:0, instance:testclasses.LaptopSelectionFromPage@4d0d9fe7]" started-at="2024-02-14T02:51:57 BDT" name="selectLaptop" finished-at="2024-02-14T02:52:00 BDT" duration-ms="2753" status="PASS">
          <reporter-output>
          </reporter-output>
        </test-method> <!-- selectLaptop -->
      </class> <!-- testclasses.LaptopSelectionFromPage -->
      <class name="testclasses.ShoppingCartTest">
        <test-method signature="ckeckOutClick()[pri:0, instance:testclasses.ShoppingCartTest@72bc6553]" started-at="2024-02-14T02:52:02 BDT" name="ckeckOutClick" finished-at="2024-02-14T02:52:05 BDT" duration-ms="2706" status="PASS">
          <reporter-output>
          </reporter-output>
        </test-method> <!-- ckeckOutClick -->
      </class> <!-- testclasses.ShoppingCartTest -->
      <class name="testclasses.SelectedProductPageTest">
        <test-method signature="addToCartTest()[pri:0, instance:testclasses.SelectedProductPageTest@312aa7c]" started-at="2024-02-14T02:52:00 BDT" name="addToCartTest" finished-at="2024-02-14T02:52:02 BDT" duration-ms="2076" status="PASS">
          <reporter-output>
          </reporter-output>
        </test-method> <!-- addToCartTest -->
      </class> <!-- testclasses.SelectedProductPageTest -->
    </test> <!-- Test -->
  </suite> <!-- Suite -->
</testng-results>
