<?xml version="1.0" encoding="UTF-8"?>
<testsuite xmlns:xsi="http://www.w3.org/2001/XMLSchema-instance" xsi:noNamespaceSchemaLocation="https://maven.apache.org/surefire/maven-surefire-plugin/xsd/surefire-test-report-3.0.xsd" version="3.0" name="TestSuite" time="44.495" tests="9" errors="0" skipped="0" failures="0">
  <properties>
[...]
</properties>
  <testcase name="homePageStartup" classname="testclasses.HomePageTest" time="7.747">
    <system-out><![CDATA[Trusted Retail Computer Store In Bangladesh | PC House BD
]]></system-out>
    <system-err><![CDATA[SLF4J(W): No SLF4J providers were found.
SLF4J(W): Defaulting to no-operation (NOP) logger implementation
SLF4J(W): See https://www.slf4j.org/codes.html#noProviders for further details.
Feb 14, 2024 2:51:38 AM org.openqa.selenium.devtools.CdpVersionFinder findNearestMatch
WARNING: Unable to find an exact match for CDP version 121, returning the closest version; found: 120; Please update to a Selenium version that supports CDP version 121
]]></system-err>
  </testcase>
  <testcase name="clickOnAccountButton" classname="testclasses.HomePageTest" time="2.599"/>
  <testcase name="customerLogin[test1@test.com, qwerty](1)" classname="testclasses.LoginPageOldCustomerLogin" time="2.669"/>
  <testcase name="toHomePage" classname="testclasses.HomePageFromAccountTest" time="2.682"/>
  <testcase name="clickToAppleLaptopTest" classname="testclasses.DropdownToAppleLaptop" time="3.599"/>
  <testcase name="selectLaptop" classname="testclasses.LaptopSelectionFromPage" time="2.753"/>
  <testcase name="addToCartTest" classname="testclasses.SelectedProductPageTest" time="2.076"/>
  <testcase name="ckeckOutClick" classname="testclasses.ShoppingCartTest" time="2.706"/>
  <testcase name="checkoutFormFillup[Abul, mirpur, Dhaka, cpupon, ASAP](1)" classname="testclasses.QuickCheckoutPageTest" time="15.597"/>
</testsuite>